生成启动时间为 2015/5/15 16:23:01。
     1>项目“E:\201210513028\EX2\FaceDetection\FaceDetection\FaceDetection.vcxproj”在节点 2 上(build 个目标)。
     1>InitializeBuildStatus:
         正在创建“Release\FaceDetection.unsuccessfulbuild”，因为已指定“AlwaysCreate”。
       ClCompile:
         所有输出均为最新。
         C:\Program Files\Microsoft Visual Studio 10.0\VC\bin\CL.exe /c /Zi /nologo /W3 /WX- /O2 /Oi /Oy- /GL /D WIN32 /D NDEBUG /D _CONSOLE /D _UNICODE /D UNICODE /Gm- /EHsc /MD /GS /Gy /fp:precise /Zc:wchar_t /Zc:forScope /Yu"StdAfx.h" /Fp"Release\FaceDetection.pch" /Fo"Release\\" /Fd"Release\vc100.pdb" /Gd /TP /analyze- /errorReport:prompt FaceDetection.cpp
         FaceDetection.cpp
     1>c:\opencv249\opencv\build\include\opencv2\flann\logger.h(66): warning C4996: 'fopen': This function or variable may be unsafe. Consider using fopen_s instead. To disable deprecation, use _CRT_SECURE_NO_WARNINGS. See online help for details.
                 C:\Program Files\Microsoft Visual Studio 10.0\VC\include\stdio.h(234) : 参见“fopen”的声明
     1>FaceDetection.cpp(54): warning C4018: “<”: 有符号/无符号不匹配
     1>FaceDetection.cpp(61): warning C4244: “=”: 从“double”转换到“int”，可能丢失数据
     1>FaceDetection.cpp(62): warning C4244: “=”: 从“double”转换到“int”，可能丢失数据
     1>FaceDetection.cpp(63): warning C4244: “=”: 从“double”转换到“int”，可能丢失数据
     1>FaceDetection.cpp(69): warning C4244: “=”: 从“double”转换到“int”，可能丢失数据
     1>FaceDetection.cpp(70): warning C4244: “=”: 从“double”转换到“int”，可能丢失数据
     1>FaceDetection.cpp(71): warning C4244: “=”: 从“double”转换到“int”，可能丢失数据
     1>FaceDetection.cpp(72): warning C4244: “=”: 从“double”转换到“int”，可能丢失数据
     1>FaceDetection.cpp(81): warning C4018: “<”: 有符号/无符号不匹配
       Link:
         C:\Program Files\Microsoft Visual Studio 10.0\VC\bin\link.exe /ERRORREPORT:PROMPT /OUT:"E:\201210513028\EX2\FaceDetection\Release\FaceDetection.exe" /INCREMENTAL:NO /NOLOGO opencv_calib3d249.lib opencv_contrib249.lib opencv_core249.lib opencv_features2d249.lib opencv_flann249.lib opencv_gpu249.lib opencv_highgui249.lib opencv_imgproc249.lib opencv_legacy249.lib opencv_ml249d.lib opencv_objdetect249.lib opencv_ts249.lib opencv_video249.lib opencv_nonfree249.lib opencv_ocl249.lib opencv_photo249.lib opencv_stitching249.lib opencv_superres249.lib opencv_videostab249.lib opencv_calib3d249d.lib opencv_contrib249d.lib opencv_core249d.lib opencv_features2d249d.lib opencv_flann249d.lib opencv_gpu249d.lib opencv_highgui249d.lib opencv_imgproc249d.lib opencv_legacy249d.lib opencv_objdetect249d.lib opencv_ts249d.lib opencv_video249d.lib opencv_nonfree249d.lib opencv_ocl249d.lib opencv_photo249d.lib opencv_stitching249d.lib opencv_superres249d.lib opencv_videostab249d.lib kernel32.lib user32.lib gdi32.lib winspool.lib comdlg32.lib advapi32.lib shell32.lib ole32.lib oleaut32.lib uuid.lib odbc32.lib odbccp32.lib /MANIFEST /ManifestFile:"Release\FaceDetection.exe.intermediate.manifest" /MANIFESTUAC:"level='asInvoker' uiAccess='false'" /DEBUG /PDB:"E:\201210513028\EX2\FaceDetection\Release\FaceDetection.pdb" /SUBSYSTEM:CONSOLE /OPT:REF /OPT:ICF /LTCG /TLBID:1 /DYNAMICBASE /NXCOMPAT /IMPLIB:"E:\201210513028\EX2\FaceDetection\Release\FaceDetection.lib" /MACHINE:X86 Release\FaceDetection.obj
         Release\stdafx.obj
         正在生成代码
         已完成代码的生成
         FaceDetection.vcxproj -> E:\201210513028\EX2\FaceDetection\Release\FaceDetection.exe
       Manifest:
         C:\Program Files\Microsoft SDKs\Windows\v7.0A\bin\mt.exe /nologo /verbose /outputresource:"E:\201210513028\EX2\FaceDetection\Release\FaceDetection.exe;#1" /manifest Release\FaceDetection.exe.intermediate.manifest
       FinalizeBuildStatus:
         正在删除文件“Release\FaceDetection.unsuccessfulbuild”。
         正在对“Release\FaceDetection.lastbuildstate”执行 Touch 任务。
     1>已完成生成项目“E:\201210513028\EX2\FaceDetection\FaceDetection\FaceDetection.vcxproj”(build 个目标)的操作。

生成成功。

已用时间 00:00:01.06
